C:\USERS\BOGDANCOTICOPOL\DESKTOP\AGENDA\AGENDA\DEBUG\AGENDA.EXE.INTERMEDIATE.MANIFEST
C:\Users\bogdancoticopol\Desktop\Agenda\Agenda\Debug\Agenda.vcxprojResolveAssemblyReference.cache
C:\Users\bogdancoticopol\Desktop\Agenda\Agenda\Debug\Agenda.write.1.tlog
C:\Users\bogdancoticopol\Desktop\Agenda\Agenda\Debug\cl.command.1.tlog
C:\Users\bogdancoticopol\Desktop\Agenda\Agenda\Debug\CL.read.1.tlog
C:\Users\bogdancoticopol\Desktop\Agenda\Agenda\Debug\CL.write.1.tlog
C:\USERS\BOGDANCOTICOPOL\DESKTOP\AGENDA\AGENDA\DEBUG\CONTACT.OBJ
C:\USERS\BOGDANCOTICOPOL\DESKTOP\AGENDA\AGENDA\DEBUG\CONTACTLIST.OBJ
C:\Users\bogdancoticopol\Desktop\Agenda\Agenda\Debug\link.command.1.tlog
C:\Users\bogdancoticopol\Desktop\Agenda\Agenda\Debug\link.read.1.tlog
C:\Users\bogdancoticopol\Desktop\Agenda\Agenda\Debug\link.write.1.tlog
C:\Users\bogdancoticopol\Desktop\Agenda\Agenda\Debug\link-cvtres.read.1.tlog
C:\Users\bogdancoticopol\Desktop\Agenda\Agenda\Debug\link-cvtres.write.1.tlog
C:\USERS\BOGDANCOTICOPOL\DESKTOP\AGENDA\AGENDA\DEBUG\MAIN.OBJ
C:\Users\bogdancoticopol\Desktop\Agenda\Agenda\Debug\mt.command.1.tlog
C:\Users\bogdancoticopol\Desktop\Agenda\Agenda\Debug\mt.read.1.tlog
C:\Users\bogdancoticopol\Desktop\Agenda\Agenda\Debug\mt.write.1.tlog
C:\Users\bogdancoticopol\Desktop\Agenda\Agenda\Debug\rc.command.1.tlog
C:\Users\bogdancoticopol\Desktop\Agenda\Agenda\Debug\rc.read.1.tlog
C:\Users\bogdancoticopol\Desktop\Agenda\Agenda\Debug\rc.write.1.tlog
C:\USERS\BOGDANCOTICOPOL\DESKTOP\AGENDA\AGENDA\DEBUG\RESOURCES.RES
C:\Users\bogdancoticopol\Desktop\Agenda\Agenda\Debug\vc100.idb
C:\USERS\BOGDANCOTICOPOL\DESKTOP\AGENDA\AGENDA\DEBUG\VC100.PDB
C:\USERS\BOGDANCOTICOPOL\DESKTOP\AGENDA\DEBUG\AGENDA.EXE
C:\USERS\BOGDANCOTICOPOL\DESKTOP\AGENDA\DEBUG\AGENDA.PDB
